This is pdfTeX, Version 3.1415926-1.40.10 (TeX Live 2009/Debian) (format=pdflatex 2013.2.23)  21 AUG 2013 20:49
entering extended mode
 %&-line parsing enabled.
**Iteration2.tex
(./Iteration2.tex
LaTeX2e <2009/09/24>
Babel <v3.8l> and hyphenation patterns for english, usenglishmax, dumylang, noh
yphenation, loaded.
(/usr/share/texmf-texlive/tex/latex/base/article.cls
Document Class: article 2007/10/19 v1.4h Standard LaTeX document class
(/usr/share/texmf-texlive/tex/latex/base/size12.clo
File: size12.clo 2007/10/19 v1.4h Standard LaTeX file (size option)
)
\c@part=\count79
\c@section=\count80
\c@subsection=\count81
\c@subsubsection=\count82
\c@paragraph=\count83
\c@subparagraph=\count84
\c@figure=\count85
\c@table=\count86
\abovecaptionskip=\skip41
\belowcaptionskip=\skip42
\bibindent=\dimen102
)
(/usr/share/texmf-texlive/tex/latex/graphics/graphicx.sty
Package: graphicx 1999/02/16 v1.0f Enhanced LaTeX Graphics (DPC,SPQR)

(/usr/share/texmf-texlive/tex/latex/graphics/keyval.sty
Package: keyval 1999/03/16 v1.13 key=value parser (DPC)
\KV@toks@=\toks14
)
(/usr/share/texmf-texlive/tex/latex/graphics/graphics.sty
Package: graphics 2009/02/05 v1.0o Standard LaTeX Graphics (DPC,SPQR)

(/usr/share/texmf-texlive/tex/latex/graphics/trig.sty
Package: trig 1999/03/16 v1.09 sin cos tan (DPC)
)
(/etc/texmf/tex/latex/config/graphics.cfg
File: graphics.cfg 2009/08/28 v1.8 graphics configuration of TeX Live
)
Package graphics Info: Driver file: pdftex.def on input line 91.

(/usr/share/texmf-texlive/tex/latex/pdftex-def/pdftex.def
File: pdftex.def 2009/08/25 v0.04m Graphics/color for pdfTeX
\Gread@gobject=\count87
))
\Gin@req@height=\dimen103
\Gin@req@width=\dimen104
) (./Iteration2.aux)
\openout1 = `Iteration2.aux'.

LaTeX Font Info:    Checking defaults for OML/cmm/m/it on input line 14.
LaTeX Font Info:    ... okay on input line 14.
LaTeX Font Info:    Checking defaults for T1/cmr/m/n on input line 14.
LaTeX Font Info:    ... okay on input line 14.
LaTeX Font Info:    Checking defaults for OT1/cmr/m/n on input line 14.
LaTeX Font Info:    ... okay on input line 14.
LaTeX Font Info:    Checking defaults for OMS/cmsy/m/n on input line 14.
LaTeX Font Info:    ... okay on input line 14.
LaTeX Font Info:    Checking defaults for OMX/cmex/m/n on input line 14.
LaTeX Font Info:    ... okay on input line 14.
LaTeX Font Info:    Checking defaults for U/cmr/m/n on input line 14.
LaTeX Font Info:    ... okay on input line 14.
(/usr/share/texmf/tex/context/base/supp-pdf.mkii
[Loading MPS to PDF converter (version 2006.09.02).]
\scratchcounter=\count88
\scratchdimen=\dimen105
\scratchbox=\box26
\nofMPsegments=\count89
\nofMParguments=\count90
\everyMPshowfont=\toks15
\MPscratchCnt=\count91
\MPscratchDim=\dimen106
\MPnumerator=\count92
\everyMPtoPDFconversion=\toks16
) <Logo.png, id=1, 1101.11375pt x 248.93pt>
File: Logo.png Graphic file (type png)
 <use Logo.png>
LaTeX Font Info:    External font `cmex10' loaded for size
(Font)              <14.4> on input line 16.
LaTeX Font Info:    External font `cmex10' loaded for size
(Font)              <7> on input line 16.
 [1

{/var/lib/texmf/fonts/map/pdftex/updmap/pdftex.map} <./Logo.png>] (./Iteration2
.toc
LaTeX Font Info:    External font `cmex10' loaded for size
(Font)              <12> on input line 4.
LaTeX Font Info:    External font `cmex10' loaded for size
(Font)              <8> on input line 4.
LaTeX Font Info:    External font `cmex10' loaded for size
(Font)              <6> on input line 4.
)
\tf@toc=\write3
\openout3 = `Iteration2.toc'.

 [2]
LaTeX Font Info:    Try loading font information for OMS+cmr on input line 29.

(/usr/share/texmf-texlive/tex/latex/base/omscmr.fd
File: omscmr.fd 1999/05/25 v2.5h Standard LaTeX font definitions
)
LaTeX Font Info:    Font shape `OMS/cmr/m/n' in size <12> not available
(Font)              Font shape `OMS/cmsy/m/n' tried instead on input line 29.
 [1]
<AppManDiagram.jpg, id=18, 919.435pt x 548.0475pt>
File: AppManDiagram.jpg Graphic file (type jpg)
 <use AppManDiagram.jpg>
Overfull \hbox (69.71637pt too wide) in paragraph at lines 59--60
 [] 
 []

<AppManClientDiagram.jpg, id=19, 487.8225pt x 507.8975pt>
File: AppManClientDiagram.jpg Graphic file (type jpg)

<use AppManClientDiagram.jpg> [2 <./AppManDiagram.jpg>]
<ActivityDiagram.jpg, id=23, 989.6975pt x 568.1225pt>
File: ActivityDiagram.jpg Graphic file (type jpg)

<use ActivityDiagram.jpg> [3 <./AppManClientDiagram.jpg> <./ActivityDiagram.jpg
>]
<CommunicationProtocol/ConnectProtocol.jpg, id=27, 400.49625pt x 390.70969pt>
File: CommunicationProtocol/ConnectProtocol.jpg Graphic file (type jpg)

<use CommunicationProtocol/ConnectProtocol.jpg>
Overfull \hbox (10.49527pt too wide) in paragraph at lines 85--86
 [] 
 []

[4] [5 <./CommunicationProtocol/ConnectProtocol.jpg>]
<CommunicationProtocol/SequenceDiagrams/Client/Connect.jpg, id=35, 923.45pt x 6
46.415pt>
File: CommunicationProtocol/SequenceDiagrams/Client/Connect.jpg Graphic file (t
ype jpg)
 <use CommunicationProtocol/SequenceDiagrams/Client/Connect.jpg>
<CommunicationProtocol/SequenceDiagrams/Server/Connect.jpeg, id=36, 884.30376pt
 x 698.61pt>
File: CommunicationProtocol/SequenceDiagrams/Server/Connect.jpeg Graphic file (
type jpg)
 <use CommunicationProtocol/SequenceDiagrams/Server/Connect.jpeg>
[6 <./CommunicationProtocol/SequenceDiagrams/Client/Connect.jpg> <./Communicati
onProtocol/SequenceDiagrams/Server/Connect.jpeg>]
<CommunicationProtocol/SlaveCurrentBuildsProtocol.jpg, id=40, 337.26pt x 333.49
594pt>
File: CommunicationProtocol/SlaveCurrentBuildsProtocol.jpg Graphic file (type j
pg)
 <use CommunicationProtocol/SlaveCurrentBuildsProtocol.jpg> [7 <./Communication
Protocol/SlaveCurrentBuildsProtocol.jpg>]
<CommunicationProtocol/SequenceDiagrams/Client/SlaveCurrentBuilds.jpg, id=44, 6
81.54625pt x 396.48125pt>
File: CommunicationProtocol/SequenceDiagrams/Client/SlaveCurrentBuilds.jpg Grap
hic file (type jpg)

<use CommunicationProtocol/SequenceDiagrams/Client/SlaveCurrentBuilds.jpg>
<CommunicationProtocol/SequenceDiagrams/Server/SlaveCurrentBuilds.jpeg, id=45, 
758.835pt x 570.13pt>
File: CommunicationProtocol/SequenceDiagrams/Server/SlaveCurrentBuilds.jpeg Gra
phic file (type jpg)

<use CommunicationProtocol/SequenceDiagrams/Server/SlaveCurrentBuilds.jpeg>
[8 <./CommunicationProtocol/SequenceDiagrams/Client/SlaveCurrentBuilds.jpg> <./
CommunicationProtocol/SequenceDiagrams/Server/SlaveCurrentBuilds.jpeg>]
<CommunicationProtocol/SizeCheckBuildsProtocol.jpg, id=49, 347.04657pt x 364.36
125pt>
File: CommunicationProtocol/SizeCheckBuildsProtocol.jpg Graphic file (type jpg)

 <use CommunicationProtocol/SizeCheckBuildsProtocol.jpg>
<CommunicationProtocol/CopyOverProtocol.jpg, id=50, 509.65407pt x 491.58656pt>
File: CommunicationProtocol/CopyOverProtocol.jpg Graphic file (type jpg)

<use CommunicationProtocol/CopyOverProtocol.jpg>
Overfull \hbox (43.208pt too wide) in paragraph at lines 148--149
 [] 
 []

[9 <./CommunicationProtocol/SizeCheckBuildsProtocol.jpg>] [10 <./CommunicationP
rotocol/CopyOverProtocol.jpg>]
<CommunicationProtocol/SequenceDiagrams/Client/CopyOver.jpg, id=57, 851.18pt x 
441.65pt>
File: CommunicationProtocol/SequenceDiagrams/Client/CopyOver.jpg Graphic file (
type jpg)
 <use CommunicationProtocol/SequenceDiagrams/Client/CopyOver.jpg>
<CommunicationProtocol/SequenceDiagrams/Server/CopyOver.jpeg, id=58, 1116.17pt 
x 538.01pt>
File: CommunicationProtocol/SequenceDiagrams/Server/CopyOver.jpeg Graphic file 
(type jpg)
 <use CommunicationProtocol/SequenceDiagrams/Server/CopyOver.jpeg>
Overfull \hbox (56.4601pt too wide) in paragraph at lines 158--160
 [] 
 []


<CommunicationProtocol/GetSysInfoProtocol.jpg, id=59, 456.20438pt x 334.24875pt
>
File: CommunicationProtocol/GetSysInfoProtocol.jpg Graphic file (type jpg)
 <use CommunicationProtocol/GetSysInfoProtocol.jpg> [11 <./CommunicationProtoco
l/SequenceDiagrams/Client/CopyOver.jpg> <./CommunicationProtocol/SequenceDiagra
ms/Server/CopyOver.jpeg>]
<CommunicationProtocol/SendBuildProtocol.jpg, id=64, 405.01312pt x 332.74312pt>
File: CommunicationProtocol/SendBuildProtocol.jpg Graphic file (type jpg)
<use CommunicationProtocol/SendBuildProtocol.jpg> [12 <./CommunicationProtocol/
GetSysInfoProtocol.jpg>]
<UseCaseDiagram.png, id=68, 666.99188pt x 358.33875pt>
File: UseCaseDiagram.png Graphic file (type png)

<use UseCaseDiagram.png>
<UseCaseDiagramClient.png, id=69, 431.36156pt x 373.395pt>
File: UseCaseDiagramClient.png Graphic file (type png)

<use UseCaseDiagramClient.png> [13 <./CommunicationProtocol/SendBuildProtocol.j
pg> <./UseCaseDiagram.png (PNG copy)>] [14 <./UseCaseDiagramClient.png (PNG cop
y)>]
Overfull \hbox (12.03749pt too wide) in paragraph at lines 235--236
[]\OT1/cmr/m/n/12 The Ap-pli-ca-tions must start on com-puter startup in a min-
i-mized form(e.g.
 []

[15] [16] (./Iteration2.aux) ) 
Here is how much of TeX's memory you used:
 1023 strings out of 495061
 15388 string characters out of 1182621
 62375 words of memory out of 3000000
 4223 multiletter control sequences out of 15000+50000
 9115 words of font info for 32 fonts, out of 3000000 for 9000
 28 hyphenation exceptions out of 8191
 25i,6n,21p,502b,250s stack positions out of 5000i,500n,10000p,200000b,50000s
</usr/share/texmf-texlive/fonts/type1/public/amsf
onts/cm/cmbx12.pfb></usr/share/texmf-texlive/fonts/type1/public/amsfonts/cm/cmr
12.pfb></usr/share/texmf-texlive/fonts/type1/public/amsfonts/cm/cmr17.pfb></usr
/share/texmf-texlive/fonts/type1/public/amsfonts/cm/cmsy10.pfb>
Output written on Iteration2.pdf (18 pages, 1010002 bytes).
PDF statistics:
 96 PDF objects out of 1000 (max. 8388607)
 0 named destinations out of 1000 (max. 500000)
 91 words of extra memory for PDF output out of 10000 (max. 10000000)

