This is pdfTeX, Version 3.1415926-1.40.10 (TeX Live 2009/Debian) (format=pdflatex 2013.2.23)  31 OCT 2013 01:20
entering extended mode
 %&-line parsing enabled.
**"User Manual.tex"
(./User Manual.tex
LaTeX2e <2009/09/24>
Babel <v3.8l> and hyphenation patterns for english, usenglishmax, dumylang, noh
yphenation, loaded.
(/usr/share/texmf-texlive/tex/latex/base/article.cls
Document Class: article 2007/10/19 v1.4h Standard LaTeX document class
(/usr/share/texmf-texlive/tex/latex/base/size12.clo
File: size12.clo 2007/10/19 v1.4h Standard LaTeX file (size option)
)
\c@part=\count79
\c@section=\count80
\c@subsection=\count81
\c@subsubsection=\count82
\c@paragraph=\count83
\c@subparagraph=\count84
\c@figure=\count85
\c@table=\count86
\abovecaptionskip=\skip41
\belowcaptionskip=\skip42
\bibindent=\dimen102
)
(/usr/share/texmf-texlive/tex/latex/graphics/graphicx.sty
Package: graphicx 1999/02/16 v1.0f Enhanced LaTeX Graphics (DPC,SPQR)

(/usr/share/texmf-texlive/tex/latex/graphics/keyval.sty
Package: keyval 1999/03/16 v1.13 key=value parser (DPC)
\KV@toks@=\toks14
)
(/usr/share/texmf-texlive/tex/latex/graphics/graphics.sty
Package: graphics 2009/02/05 v1.0o Standard LaTeX Graphics (DPC,SPQR)

(/usr/share/texmf-texlive/tex/latex/graphics/trig.sty
Package: trig 1999/03/16 v1.09 sin cos tan (DPC)
)
(/etc/texmf/tex/latex/config/graphics.cfg
File: graphics.cfg 2009/08/28 v1.8 graphics configuration of TeX Live
)
Package graphics Info: Driver file: pdftex.def on input line 91.

(/usr/share/texmf-texlive/tex/latex/pdftex-def/pdftex.def
File: pdftex.def 2009/08/25 v0.04m Graphics/color for pdfTeX
\Gread@gobject=\count87
))
\Gin@req@height=\dimen103
\Gin@req@width=\dimen104
) (./User Manual.aux)
\openout1 = `"User Manual.aux"'.

LaTeX Font Info:    Checking defaults for OML/cmm/m/it on input line 15.
LaTeX Font Info:    ... okay on input line 15.
LaTeX Font Info:    Checking defaults for T1/cmr/m/n on input line 15.
LaTeX Font Info:    ... okay on input line 15.
LaTeX Font Info:    Checking defaults for OT1/cmr/m/n on input line 15.
LaTeX Font Info:    ... okay on input line 15.
LaTeX Font Info:    Checking defaults for OMS/cmsy/m/n on input line 15.
LaTeX Font Info:    ... okay on input line 15.
LaTeX Font Info:    Checking defaults for OMX/cmex/m/n on input line 15.
LaTeX Font Info:    ... okay on input line 15.
LaTeX Font Info:    Checking defaults for U/cmr/m/n on input line 15.
LaTeX Font Info:    ... okay on input line 15.
 (/usr/share/texmf/tex/context/base/supp-pdf.mkii
[Loading MPS to PDF converter (version 2006.09.02).]
\scratchcounter=\count88
\scratchdimen=\dimen105
\scratchbox=\box26
\nofMPsegments=\count89
\nofMParguments=\count90
\everyMPshowfont=\toks15
\MPscratchCnt=\count91
\MPscratchDim=\dimen106
\MPnumerator=\count92
\everyMPtoPDFconversion=\toks16
) <101Logo.png, id=1, 1101.11375pt x 248.93pt>
File: 101Logo.png Graphic file (type png)
 <use 101Logo.png>
LaTeX Font Info:    External font `cmex10' loaded for size
(Font)              <14.4> on input line 16.
LaTeX Font Info:    External font `cmex10' loaded for size
(Font)              <7> on input line 16.

Underfull \hbox (badness 10000) in paragraph at lines 20--26

 []


Underfull \hbox (badness 10000) in paragraph at lines 20--26

 []


Underfull \hbox (badness 10000) in paragraph at lines 20--26

 []


Underfull \hbox (badness 10000) in paragraph at lines 20--26

 []


Underfull \hbox (badness 10000) in paragraph at lines 20--26

 []


Underfull \hbox (badness 10000) in paragraph at lines 20--26

 []

LaTeX Font Info:    External font `cmex10' loaded for size
(Font)              <12> on input line 27.
LaTeX Font Info:    External font `cmex10' loaded for size
(Font)              <8> on input line 27.
LaTeX Font Info:    External font `cmex10' loaded for size
(Font)              <6> on input line 27.
[1

{/var/lib/texmf/fonts/map/pdftex/updmap/pdftex.map} <./101Logo.png>]
Overfull \hbox (1.43312pt too wide) in paragraph at lines 40--62
[] 
 []

[2] (./User Manual.toc)
\tf@toc=\write3
\openout3 = `"User Manual.toc"'.

 [3]
Underfull \hbox (badness 10000) in paragraph at lines 70--87

 []


Underfull \hbox (badness 10000) in paragraph at lines 70--87

 []


Underfull \hbox (badness 10000) in paragraph at lines 88--99

 []

[1] <MENU.png, id=20, 825.0825pt x 356.33125pt>
File: MENU.png Graphic file (type png)
 <use MENU.png>
LaTeX Font Info:    Try loading font information for OMS+cmr on input line 116.


(/usr/share/texmf-texlive/tex/latex/base/omscmr.fd
File: omscmr.fd 1999/05/25 v2.5h Standard LaTeX font definitions
)
LaTeX Font Info:    Font shape `OMS/cmr/m/n' in size <12> not available
(Font)              Font shape `OMS/cmsy/m/n' tried instead on input line 116.
 [2 <./MENU.png (PNG copy)>] <uploadLimitation.png, id=25, 765.86125pt x 574.14
5pt>
File: uploadLimitation.png Graphic file (type png)

<use uploadLimitation.png> [3 <./uploadLimitation.png>]
<AddBuildLinux.png, id=30, 823.075pt x 355.3275pt>
File: AddBuildLinux.png Graphic file (type png)
 <use AddBuildLinux.png>
<5secResynch.png, id=31, 821.0675pt x 356.33125pt>
File: 5secResynch.png Graphic file (type png)
 <use 5secResynch.png>
[4 <./AddBuildLinux.png (PNG copy)>]
File: MENU.png Graphic file (type png)
 <use MENU.png>
<EditedDescription.png, id=36, 908.39375pt x 357.335pt>
File: EditedDescription.png Graphic file (type png)

<use EditedDescription.png> [5 <./5secResynch.png (PNG copy)>]
<AddSimFull.png, id=40, 822.07124pt x 377.41pt>
File: AddSimFull.png Graphic file (type png)
 <use AddSimFull.png>
<ClickToRunSim.png, id=41, 822.07124pt x 361.35pt>
File: ClickToRunSim.png Graphic file (type png)
 <use ClickToRunSim.png>
[6 <./EditedDescription.png (PNG copy)> <./AddSimFull.png (PNG copy)>]
<InterfaceLinux_Client.png, id=45, 538.01pt x 444.66125pt>
File: InterfaceLinux_Client.png Graphic file (type png)

<use InterfaceLinux_Client.png>
<SlaveStats.png, id=46, 821.0675pt x 356.33125pt>
File: SlaveStats.png Graphic file (type png)
 <use SlaveStats.png> [7 <./ClickToRunSim.png (PNG copy)> <./InterfaceLinux_Cli
ent.png (PNG copy)>]
<DetSlaveStats.png, id=50, 541.27219pt x 315.42844pt>
File: DetSlaveStats.png Graphic file (type png)
 <use DetSlaveStats.png>
<AddAppToList.png, id=51, 542.025pt x 445.665pt>
File: AddAppToList.png Graphic file (type png)
 <use AddAppToList.png>
[8 <./SlaveStats.png (PNG copy)> <./DetSlaveStats.png (PNG copy)>]
<SlaveBuilds.png, id=55, 540.0175pt x 448.67625pt>
File: SlaveBuilds.png Graphic file (type png)
 <use SlaveBuilds.png>
[9 <./AddAppToList.png (PNG copy)> <./SlaveBuilds.png (PNG copy)>] [10]
(./User Manual.aux) ) 
Here is how much of TeX's memory you used:
 996 strings out of 495061
 12932 string characters out of 1182621
 62418 words of memory out of 3000000
 4203 multiletter control sequences out of 15000+50000
 9115 words of font info for 32 fonts, out of 3000000 for 9000
 28 hyphenation exceptions out of 8191
 25i,6n,21p,329b,250s stack positions out of 5000i,500n,10000p,200000b,50000s
</usr/share/texmf-texlive/fonts/type1/public/amsfonts/cm/c
mbx12.pfb></usr/share/texmf-texlive/fonts/type1/public/amsfonts/cm/cmr12.pfb></
usr/share/texmf-texlive/fonts/type1/public/amsfonts/cm/cmr17.pfb></usr/share/te
xmf-texlive/fonts/type1/public/amsfonts/cm/cmsy10.pfb>
Output written on "User Manual.pdf" (13 pages, 827529 bytes).
PDF statistics:
 77 PDF objects out of 1000 (max. 8388607)
 0 named destinations out of 1000 (max. 500000)
 66 words of extra memory for PDF output out of 10000 (max. 10000000)

