This is pdfTeX, Version 3.1415926-1.40.10 (TeX Live 2009/Debian) (format=pdflatex 2013.2.23)  12 SEP 2013 21:03
entering extended mode
 %&-line parsing enabled.
**"Architectural Requirements Document.tex"
(./Architectural Requirements Document.tex
LaTeX2e <2009/09/24>
Babel <v3.8l> and hyphenation patterns for english, usenglishmax, dumylang, noh
yphenation, loaded.
(/usr/share/texmf-texlive/tex/latex/base/article.cls
Document Class: article 2007/10/19 v1.4h Standard LaTeX document class
(/usr/share/texmf-texlive/tex/latex/base/size12.clo
File: size12.clo 2007/10/19 v1.4h Standard LaTeX file (size option)
)
\c@part=\count79
\c@section=\count80
\c@subsection=\count81
\c@subsubsection=\count82
\c@paragraph=\count83
\c@subparagraph=\count84
\c@figure=\count85
\c@table=\count86
\abovecaptionskip=\skip41
\belowcaptionskip=\skip42
\bibindent=\dimen102
)
(/usr/share/texmf-texlive/tex/latex/graphics/graphicx.sty
Package: graphicx 1999/02/16 v1.0f Enhanced LaTeX Graphics (DPC,SPQR)

(/usr/share/texmf-texlive/tex/latex/graphics/keyval.sty
Package: keyval 1999/03/16 v1.13 key=value parser (DPC)
\KV@toks@=\toks14
)
(/usr/share/texmf-texlive/tex/latex/graphics/graphics.sty
Package: graphics 2009/02/05 v1.0o Standard LaTeX Graphics (DPC,SPQR)

(/usr/share/texmf-texlive/tex/latex/graphics/trig.sty
Package: trig 1999/03/16 v1.09 sin cos tan (DPC)
)
(/etc/texmf/tex/latex/config/graphics.cfg
File: graphics.cfg 2009/08/28 v1.8 graphics configuration of TeX Live
)
Package graphics Info: Driver file: pdftex.def on input line 91.

(/usr/share/texmf-texlive/tex/latex/pdftex-def/pdftex.def
File: pdftex.def 2009/08/25 v0.04m Graphics/color for pdfTeX
\Gread@gobject=\count87
))
\Gin@req@height=\dimen103
\Gin@req@width=\dimen104
)
(./Architectural Requirements Document.aux)
\openout1 = `"Architectural Requirements Document.aux"'.

LaTeX Font Info:    Checking defaults for OML/cmm/m/it on input line 15.
LaTeX Font Info:    ... okay on input line 15.
LaTeX Font Info:    Checking defaults for T1/cmr/m/n on input line 15.
LaTeX Font Info:    ... okay on input line 15.
LaTeX Font Info:    Checking defaults for OT1/cmr/m/n on input line 15.
LaTeX Font Info:    ... okay on input line 15.
LaTeX Font Info:    Checking defaults for OMS/cmsy/m/n on input line 15.
LaTeX Font Info:    ... okay on input line 15.
LaTeX Font Info:    Checking defaults for OMX/cmex/m/n on input line 15.
LaTeX Font Info:    ... okay on input line 15.
LaTeX Font Info:    Checking defaults for U/cmr/m/n on input line 15.
LaTeX Font Info:    ... okay on input line 15.

(/usr/share/texmf/tex/context/base/supp-pdf.mkii
[Loading MPS to PDF converter (version 2006.09.02).]
\scratchcounter=\count88
\scratchdimen=\dimen105
\scratchbox=\box26
\nofMPsegments=\count89
\nofMParguments=\count90
\everyMPshowfont=\toks15
\MPscratchCnt=\count91
\MPscratchDim=\dimen106
\MPnumerator=\count92
\everyMPtoPDFconversion=\toks16
) <101Logo.png, id=1, 1101.11375pt x 248.93pt>
File: 101Logo.png Graphic file (type png)
 <use 101Logo.png>
LaTeX Font Info:    External font `cmex10' loaded for size
(Font)              <14.4> on input line 16.
LaTeX Font Info:    External font `cmex10' loaded for size
(Font)              <7> on input line 16.

Underfull \hbox (badness 10000) in paragraph at lines 20--26

 []


Underfull \hbox (badness 10000) in paragraph at lines 20--26

 []


Underfull \hbox (badness 10000) in paragraph at lines 20--26

 []


Underfull \hbox (badness 10000) in paragraph at lines 20--26

 []


Underfull \hbox (badness 10000) in paragraph at lines 20--26

 []


Underfull \hbox (badness 10000) in paragraph at lines 20--26

 []

LaTeX Font Info:    External font `cmex10' loaded for size
(Font)              <12> on input line 27.
LaTeX Font Info:    External font `cmex10' loaded for size
(Font)              <8> on input line 27.
LaTeX Font Info:    External font `cmex10' loaded for size
(Font)              <6> on input line 27.
[1

{/var/lib/texmf/fonts/map/pdftex/updmap/pdftex.map} <./101Logo.png>] [2]
(./Architectural Requirements Document.toc)
\tf@toc=\write3
\openout3 = `"Architectural Requirements Document.toc"'.

 [3]
Underfull \hbox (badness 10000) in paragraph at lines 77--94

 []


Underfull \hbox (badness 10000) in paragraph at lines 77--94

 []


Underfull \hbox (badness 10000) in paragraph at lines 95--106

 []

[1]
LaTeX Font Info:    Try loading font information for OMS+cmr on input line 118.

 (/usr/share/texmf-texlive/tex/latex/base/omscmr.fd
File: omscmr.fd 1999/05/25 v2.5h Standard LaTeX font definitions
)
LaTeX Font Info:    Font shape `OMS/cmr/m/n' in size <12> not available
(Font)              Font shape `OMS/cmsy/m/n' tried instead on input line 118.
 [2]
<AppManGuiSimPage.png, id=24, 627.84563pt x 273.27094pt>
File: AppManGuiSimPage.png Graphic file (type png)

<use AppManGuiSimPage.png>
<AppManGuiBuildPage.png, id=25, 627.84563pt x 273.27094pt>
File: AppManGuiBuildPage.png Graphic file (type png)

<use AppManGuiBuildPage.png> [3 <./AppManGuiSimPage.png (PNG copy)> <./AppManGu
iBuildPage.png (PNG copy)>]
<AppManClientGui.png, id=29, 417.05812pt x 340.27126pt>
File: AppManClientGui.png Graphic file (type png)

<use AppManClientGui.png> [4 <./AppManClientGui.png (PNG copy)>]
Underfull \hbox (badness 10000) in paragraph at lines 162--167

 []


Underfull \hbox (badness 10000) in paragraph at lines 162--167

 []


Underfull \hbox (badness 10000) in paragraph at lines 162--167

 []


Underfull \hbox (badness 10000) in paragraph at lines 162--167

 []


Overfull \hbox (13.01535pt too wide) in paragraph at lines 171--172
\OT1/cmr/m/n/12 A Com-po-nent based sys-tem is suit-able as we have var-i-ous c
on-cerns/components,
 []

<ArchComponentDiag.png, id=34, 310.15875pt x 196.48407pt>
File: ArchComponentDiag.png Graphic file (type png)

<use ArchComponentDiag.png> [5]
<ClientServer.jpeg, id=38, 350.81062pt x 322.95656pt>
File: ClientServer.jpeg Graphic file (type jpg)
 <use ClientServer.jpeg>
[6 <./ArchComponentDiag.png> <./ClientServer.jpeg>] [7] [8]
<ComponentDiag.png, id=49, 681.29532pt x 365.11406pt>
File: ComponentDiag.png Graphic file (type png)
 <use ComponentDiag.png>
[9 <./ComponentDiag.png>] [10] (./Architectural Requirements Document.aux) ) 
Here is how much of TeX's memory you used:
 967 strings out of 495061
 12671 string characters out of 1182621
 63442 words of memory out of 3000000
 4179 multiletter control sequences out of 15000+50000
 9115 words of font info for 32 fonts, out of 3000000 for 9000
 28 hyphenation exceptions out of 8191
 25i,7n,21p,602b,250s stack positions out of 5000i,500n,10000p,200000b,50000s
</u
sr/share/texmf-texlive/fonts/type1/public/amsfonts/cm/cmbx12.pfb></usr/share/te
xmf-texlive/fonts/type1/public/amsfonts/cm/cmr12.pfb></usr/share/texmf-texlive/
fonts/type1/public/amsfonts/cm/cmr17.pfb></usr/share/texmf-texlive/fonts/type1/
public/amsfonts/cm/cmsy10.pfb>
Output written on "Architectural Requirements Document.pdf" (13 pages, 367741 b
ytes).
PDF statistics:
 72 PDF objects out of 1000 (max. 8388607)
 0 named destinations out of 1000 (max. 500000)
 36 words of extra memory for PDF output out of 10000 (max. 10000000)

